<?xml version="1.0" encoding="UTF-8"?>
<!-- Generated by org.testng.reporters.JUnitReportReporter -->
<testsuite skipped="0" hostname="DESKTOP-9EK6O7H" name="Campus.Countrytest" tests="5" failures="0" timestamp="2023-05-01T20:35:19 EET" time="2.348" errors="0">
  <testcase name="deleteCountry" time="0.309" classname="Campus.Countrytest"/>
  <system-out/>
  <testcase name="updateCountry" time="0.403" classname="Campus.Countrytest"/>
  <system-out/>
  <testcase name="createCountryNeg" time="0.348" classname="Campus.Countrytest"/>
  <system-out/>
  <testcase name="deleteCountryNeg" time="0.283" classname="Campus.Countrytest"/>
  <system-out/>
  <testcase name="createCountry" time="1.005" classname="Campus.Countrytest"/>
  <system-out/>
</testsuite> <!-- Campus.Countrytest -->
